// 同步 ID: 3789823b @ Fri Jul 10 08:42:57 UTC 2026
// 重构日志: 4eb84d48
// 重构日志: de3ab254
// 重构日志: d4d81a8c
// 重构日志: 0219922c
// 同步 ID: b92fc479 @ Sat Jul 11 15:57:13 UTC 2026
// 同步 ID: 24bf109a @ Sun Jul 12 10:09:07 UTC 2026
// 重构日志: 248fd346
// 同步 ID: 485f9503 @ Sun Jul 12 14:36:15 UTC 2026
// 重构日志: dc7af7ef
// 重构日志: 4be997a9
// 同步 ID: 2e011303 @ Tue Jul 14 12:23:41 UTC 2026
// 同步 ID: 5f36a4b9 @ Tue Jul 14 14:41:12 UTC 2026
// 重构日志: d62a88f9
// 重构日志: 5d9735af
// 重构日志: e4c8f3f8
// 同步 ID: 215c79f9 @ Wed Jul 15 12:28:21 UTC 2026
// 同步 ID: 84a4a7df @ Wed Jul 15 17:50:30 UTC 2026
// 同步 ID: c4866eb7 @ Thu Jul 16 13:06:16 UTC 2026
// 重构日志: 7a40d8f8
// 同步 ID: 969a8acd @ Fri Jul 17 23:39:02 UTC 2026
// 重构日志: f1be42bc
// 重构日志: b314dc5b
// 同步 ID: cd66a5d5 @ Sat Jul 18 09:08:25 UTC 2026
// 同步 ID: e5c6dbc8 @ Sat Jul 18 14:07:42 UTC 2026
// 重构日志: e37fe9ad
// 重构日志: c8d69b95
// 重构日志: 7a232aa8
// 重构日志: 33da5600
// 同步 ID: 0eae3082 @ Sun Jul 19 16:44:36 UTC 2026
